1790: (1): INFO: log file opened: /var/log/turnserver.log
1790: (1): INFO: log file reopened: /var/log/turnserver.log
1811: (1): INFO: Terminating on signal 15
0: (1): INFO: log file opened: /var/log/turnserver.log
0: (1): INFO: System cpu num is 4
0: (1): INFO: System enable num is 4
0: (1): INFO: Listener address to use: 0.0.0.0
0: (1): INFO: Listener address to use: ::
0: (1): INFO: Relay address to use: 172.20.14.10
0: (1): INFO: Relay address to use: 2a02:4780:10:e8ad::14:10
0: (1): INFO: White listing: 172.20.14.10
0: (1): INFO: White listing: 192.168.0.0-192.168.255.255
0: (1): INFO: Black listing: 10.0.0.0-10.255.255.255
0: (1): INFO: Black listing: 172.16.0.0-172.31.255.255
0: (1): INFO: Coturn Version Coturn-4.7.0 'Gorst'
0: (1): INFO: Max number of open files/sockets allowed for this process: 1048576
0: (1): INFO: Due to the open files/sockets limitation, max supported number of TURN Sessions possible is: 524000 (approximately)
0: (1): INFO: 

==== Show him the instruments, Practical Frost: ====

0: (1): INFO: OpenSSL compile-time version: OpenSSL 3.0.16 11 Feb 2025 (0x30000100)
0: (1): INFO: TLS 1.2 supported
0: (1): INFO: TLS 1.3 supported
0: (1): INFO: DTLS 1.2 supported
0: (1): INFO: TURN/STUN ALPN supported
0: (1): INFO: Third-party authorization (oAuth) supported
0: (1): INFO: GCM (AEAD) supported
0: (1): INFO: SQLite supported, default database location is /var/lib/coturn/turndb
0: (1): INFO: Redis supported
0: (1): INFO: PostgreSQL supported
0: (1): INFO: MySQL supported
0: (1): INFO: MongoDB supported
0: (1): INFO: Default Net Engine version: 3 (UDP thread per CPU core)
0: (1): INFO: Domain name: landingdev.xyz
0: (1): INFO: Default realm: landingdev.xyz
0: (1): INFO: CONFIG: --no-tcp-relay: TCP relay endpoints are not allowed.
0: (1): WARNING: CONFIG: You specified --lt-cred-mech and --use-auth-secret in the same time.
Be aware that you could not mix the username/password and the shared secret based auth methods. 
Shared secret overrides username/password based auth method. Check your configuration!
0: (1): INFO: Certificate file found: /etc/ssl/certs/cert.pem
0: (1): INFO: Private key file found: /etc/coturn/privKey.pem
0: (1): INFO: TLS cipher suite: ALL:!COMPLEMENTOFDEFAULT:!eNULL:TLS_AES_256_GCM_SHA384:TLS_CHACHA20_POLY1305_SHA256:TLS_AES_128_GCM_SHA256
0: (1): INFO: DTLS cipher suite: ALL:!COMPLEMENTOFDEFAULT:!eNULL:TLS_AES_256_GCM_SHA384:TLS_CHACHA20_POLY1305_SHA256:TLS_AES_128_GCM_SHA256
0: (1): INFO: pid file created: /var/run/turnserver.pid
0: (1): INFO: IO method: epoll (with changelist)
0: (1): INFO: RFC5780 disabled! /NAT behavior discovery/
0: (1): INFO: Wait for relay ports initialization...
0: (1): INFO:   relay 172.20.14.10 initialization...
0: (1): INFO:   relay 172.20.14.10 initialization done
0: (1): INFO:   relay 2a02:4780:10:e8ad::14:10 initialization...
0: (1): INFO:   relay 2a02:4780:10:e8ad::14:10 initialization done
0: (1): INFO: Relay ports initialization done
0: (27): DEBUG: turn server id=1 created
0: (1): INFO: Total General servers: 4
0: (26): DEBUG: turn server id=0 created
0: (28): DEBUG: turn server id=2 created
0: (29): DEBUG: turn server id=3 created
0: (1): INFO: Total auth threads: 3
0: (1): INFO: prometheus collector disabled, not started
4754: (1): INFO: Terminating on signal 15
